This is pdfTeX, Version 3.14159265-2.6-1.40.16 (TeX Live 2015/Debian) (preloaded format=pdfetex 2018.6.3)  16 JUN 2018 12:54
entering extended mode
 restricted \write18 enabled.
 file:line:error style messages enabled.
 %&-line parsing enabled.
**\catcode126=12 \def\normaltilde{~}\catcode126=13 \let~\normaltilde  \input ./
./bashref.es.texi
(././bashref.es.texi (/usr/share/texmf/tex/texinfo/texinfo.tex
Loading texinfo [version 2016-02-05.07.deb2]:
\outerhsize=\dimen16
\outervsize=\dimen17
\cornerlong=\dimen18
\cornerthick=\dimen19
\topandbottommargin=\dimen20
\bindingoffset=\dimen21
\normaloffset=\dimen22
\pagewidth=\dimen23
\pageheight=\dimen24
\headlinebox=\box16
\footlinebox=\box17
\margin=\insert252
\EMsimple=\toks13
\groupbox=\box18
\groupinvalidhelp=\toks14
\mil=\dimen25
\exdentamount=\skip18
\inmarginspacing=\skip19
\centerpenalty=\count27
 pdf,
\tempnum=\count28
\lnkcount=\count29
\filename=\toks15
\filenamelength=\count30
\pgn=\count31
\toksA=\toks16
\toksB=\toks17
\toksC=\toks18
\toksD=\toks19
\boxA=\box19
\boxB=\box20
\countA=\count32
\nopdfimagehelp=\toks20
 fonts,
\sffam=\fam8
\textleading=\dimen26
 markup,
\fontdepth=\count33
 glyphs,
\errorbox=\box21

page headings,
\titlepagetopglue=\skip20
\titlepagebottomglue=\skip21
\evenheadline=\toks21
\oddheadline=\toks22
\evenfootline=\toks23
\oddfootline=\toks24
 tables,
\tableindent=\dimen27
\itemindent=\dimen28
\itemmargin=\dimen29
\itemmax=\dimen30
\itemno=\count34
\multitableparskip=\skip22
\multitableparindent=\skip23
\multitablecolspace=\dimen31
\multitablelinespace=\skip24
\colcount=\count35
\everytab=\toks25
 conditionals,
\doignorecount=\count36
 indexing,
\dummybox=\box22
\whatsitskip=\skip25
\whatsitpenalty=\count37
\entryrightmargin=\dimen32
\thinshrinkable=\skip26
\entryindexbox=\box23
\entrylinedepth=\dimen33
\secondaryindent=\skip27
\partialpage=\box24
\doublecolumnhsize=\dimen34
\doublecolumntopgap=\dimen35
\savedtopmark=\toks26
\savedfirstmark=\toks27
\balancedcolumns=\box25
 sectioning,
\unnumberedno=\count38
\chapno=\count39
\secno=\count40
\subsecno=\count41
\subsubsecno=\count42
\appendixno=\count43
\absseclevel=\count44
\secbase=\count45
\chapheadingskip=\skip28
\secheadingskip=\skip29
\subsecheadingskip=\skip30
 toc,
\tocfile=\write0
\contentsrightmargin=\skip31
\savepageno=\count46
\lastnegativepageno=\count47
\tocindent=\dimen36
 environments,
\lispnarrowing=\skip32
\envskipamount=\skip33
\circthick=\dimen37
\cartouter=\dimen38
\cartinner=\dimen39
\normbskip=\skip34
\normpskip=\skip35
\normlskip=\skip36
\lskip=\skip37
\rskip=\skip38
\nonfillparindent=\dimen40
\tabw=\dimen41
\verbbox=\box26

defuns,
\defbodyindent=\skip39
\defargsindent=\skip40
\deflastargmargin=\skip41
\defunpenalty=\count48
\parencount=\count49
\brackcount=\count50
 macros,
\paramno=\count51
\macname=\toks28
 cross references,
\auxfile=\write1
\savesfregister=\count52
\toprefbox=\box27
\printedrefnamebox=\box28
\infofilenamebox=\box29
\printedmanualbox=\box30
 insertions,
\footnoteno=\count53
\SAVEfootins=\box31
\SAVEmargin=\box32

(/usr/share/texlive/texmf-dist/tex/generic/epsf/epsf.tex
This is `epsf.tex' v2.7.4 <14 February 2011>
\epsffilein=\read1
\epsfframemargin=\dimen42
\epsfframethickness=\dimen43
\epsfrsize=\dimen44
\epsftmp=\dimen45
\epsftsize=\dimen46
\epsfxsize=\dimen47
\epsfysize=\dimen48
\pspoints=\dimen49
)
\noepsfhelp=\toks29
 localization,
\nolanghelp=\toks30
\countUTFx=\count54
\countUTFy=\count55
\countUTFz=\count56
 formatting,
\defaultparindent=\dimen50
 and turning on texinfo input format.)
(/usr/share/texmf/tex/texinfo/txi-es.tex)
texinfo.tex: doing @include of version.texi


(/home/davidam/git/bashrefes/version.texi) [1{/var/lib/texmf/fonts/map/pdftex/u
pdmap/pdftex.map}]
Overfull \hbox (18.98051pt too wide) in paragraph at lines 10--12
[]@textrm Las fuen-tes de es-te do-cu-men-to est^^San ac-ce-si-bles des-de http
s://notabug.org/jorgesumle/bashrefes. 

@hbox(8.2125+2.73749)x433.62, glue set - 1.0
.@hbox(0.0+0.0)x0.0
.@textrm L
.@textrm a
.@textrm s
.@glue 3.65 plus 1.825 minus 1.21666
.etc.

[2] (/home/davidam/git/bashrefes/bashref.es.toc [-1] [-2] [-3]) [-4]
(/home/davidam/git/bashrefes/bashref.es.toc)
(/home/davidam/git/bashrefes/bashref.es.toc) Cap@'{@char 16{}}tulo 1
\openout0 = `bashref.es.toc'.


(/home/davidam/git/bashrefes/bashref.es.aux)
\openout1 = `bashref.es.aux'.

 [1] Cap@'{@char 16{}}tulo 2
[2]
@cpindfile=@write2
\openout2 = `bashref.es.cp'.

 [3] Cap@'{@char 16{}}tulo 3 [4] [5] [6]
@vrindfile=@write3
\openout3 = `bashref.es.vr'.

 [7]
@rwindfile=@write4
\openout4 = `bashref.es.rw'.

 [8] [9] [10] [11] [12] [13]
[14] [15] [16] [17] [18] [19] [20] [21] [22] [23] [24] [25] [26] [27] [28]
[29] [30] [31] [32] [33] [34] [35] [36] [37] [38] [39] [40] [41] [42] [43]
Cap@'{@char 16{}}tulo 4 [44]
@btindfile=@write5
\openout5 = `bashref.es.bt'.

 [45] [46] [47] [48] [49] [50] [51] [52] [53]
[54] [55] [56] [57] [58] [59] [60] [61] [62] [63] [64] [65] [66] [67] [68]
[69] [70] [71] [72] [73] [74] [75] Cap@'{@char 16{}}tulo 5 [76] [77] [78]
[79] [80] [81] [82] [83] [84] [85] [86] [87] Cap@'{@char 16{}}tulo 6 [88]
[89]
Underfull \hbox (badness 7759) in paragraph at lines 6376--6383
 @textsl na[]de[]instrucci^^Son[]@textrm , y fi-na-li-za. Si hay ar-gu-men-tos 
des-pu^^Ses de @textsl ca-de-

@hbox(7.60416+2.12917)x433.62, glue set 4.26744
.@glue(@leftskip) 57.81621
.@textsl n
.@textsl a
.@kern 0.76657
.@vbox(0.47148+0.0)x3.28503
..@rule(0.47148+0.0)x3.28503
.etc.

[90] [91] [92] [93] [94] [95] [96] [97] [98] [99] [100] [101] [102] [103]
[104] [105] [106] [107] Cap@'{@char 16{}}tulo 7 [108] [109] [110] [111]
texinfo.tex: doing @include of rluser.es.texi


(/home/davidam/git/bashrefes/rluser.es.texi Cap@'{@char 16{}}tulo 8 [112]
[113] [114] [115] [116] [117] [118] [119] [120] [121] [122]
Underfull \hbox (badness 7722) in paragraph at lines 839--844
 @texttt universal-argument[]@textrm , @textttsl M-SUPR[] @textrm est^^Sa aso-c
ia-da a la fun-ci^^Son

@hbox(7.60416+2.43333)x433.62, glue set 4.26231
.@glue(@leftskip) 115.63242
.@texttt u
.@texttt n
.@texttt i
.@texttt v
.etc.

[123] [124] [125] [126] [127] [128]
@fnindfile=@write6
\openout6 = `bashref.es.fn'.

 [129] [130] [131] [132] [133] [134]
[135] [136] [137] [138] [139] [140] [141] [142]
Underfull \hbox (badness 10000) in paragraph at lines 2112--2115
 [][]@textrm Secci^^Son 8.4 [[]Ordenes Aso-cia-bles de Read-li-ne],

@hbox(10.37207+2.73749)x433.62, glue set 4.60526
.@glue(@leftskip) 173.44862
.@pdfstartlink(*+*)x* attr{/Border [0 0 0]} action goto name{Ordenes\040Asociab
les\040de\040Readline}
.@pdfliteral{0 0 0 rg 0 0 0 RG}
.@textrm S
.@textrm e
.etc.

[143] [144] [145] [146] [147])
texinfo.tex: doing @include of hsuser.es.texi

 (/home/davidam/git/bashrefes/hsuser.es.texi
Cap@'{@char 16{}}tulo 9 [148] [149] [150] [151] [152] [153])
Cap@'{@char 16{}}tulo 10 [154] [155] [156] [157] [158] [159] [160] [161]
Ap@'endice A [162] Ap@'endice B [163] [164] [165] [166] [167] [168] [169]
Ap@'endice C [170]
texinfo.tex: doing @include of fdl.texi

 (/home/davidam/git/bashrefes/fdl.texi [171] [172] [173]
[174] [175] [176] [177]) Ap@'endice D [178]
texinfo.tex: doing @include of fdl.es.texi


(/home/davidam/git/bashrefes/fdl.es.texi [179] [180] [181] [182] [183] [184]
[185] [186]) Ap@'endice E [187] [188] [189] [190] [191] [192] [193] [194]
Overfull \vbox (0.84181pt too high) has occurred while \output is active
\vbox(643.2+2.0)x433.62
.\glue(\topskip) 0.0
.\vbox(644.04181+2.0)x433.62
..\vbox(644.04181+2.0)x433.62
...\glue 25.5
...\hbox(618.54181+2.0)x433.62, glue set 18.01016fil []
.\mark{\gdef \thischaptername {Glosarios}\gdef \thischapternum {E}\gdef \thisch
apter \ETC.}


[195] [196] [197] ) 
Here is how much of TeX's memory you used:
 4105 strings out of 495071
 51499 string characters out of 6160655
 127742 words of memory out of 5000000
 5214 multiletter control sequences out of 15000+600000
 34315 words of font info for 116 fonts, out of 8000000 for 9000
 1178 hyphenation exceptions out of 8191
 18i,6n,16p,368b,975s stack positions out of 5000i,500n,10000p,200000b,80000s
pdfTeX warning (dest): name{?Es\040este\040Interprete\040Int
eractivo?} has been referenced but does not exist, replaced by a fixed one

pdfTeX warning (dest): name{?Que\040es\040un\040Interprete\040interactivo?} has
 been referenced but does not exist, replaced by a fixed one

pdfTeX warning (dest): name{?Que\040es\040un\040interprete?} has been reference
d but does not exist, replaced by a fixed one

pdfTeX warning (dest): name{?Que\040es\040Bash?} has been referenced but does n
ot exist, replaced by a fixed one

{/usr/share/texmf/fonts/enc/dvips/cm-super/cm-super-t1.enc}</usr/share/texlive/
texmf-dist/fonts/type1/public/amsfonts/cm/cmbx12.pfb></usr/share/texlive/texmf-
dist/fonts/type1/public/amsfonts/cm/cmcsc10.pfb></usr/share/texlive/texmf-dist/
fonts/type1/public/amsfonts/cm/cmmi10.pfb></usr/share/texlive/texmf-dist/fonts/
type1/public/amsfonts/cm/cmmi12.pfb></usr/share/texlive/texmf-dist/fonts/type1/
public/amsfonts/cm/cmmi9.pfb></usr/share/texlive/texmf-dist/fonts/type1/public/
amsfonts/cm/cmr10.pfb></usr/share/texlive/texmf-dist/fonts/type1/public/amsfont
s/cm/cmr9.pfb></usr/share/texlive/texmf-dist/fonts/type1/public/amsfonts/cm/cms
l10.pfb></usr/share/texlive/texmf-dist/fonts/type1/public/amsfonts/cm/cmsltt10.
pfb></usr/share/texlive/texmf-dist/fonts/type1/public/amsfonts/cm/cmsy10.pfb></
usr/share/texlive/texmf-dist/fonts/type1/public/amsfonts/cm/cmti10.pfb></usr/sh
are/texlive/texmf-dist/fonts/type1/public/amsfonts/cm/cmtt10.pfb></usr/share/te
xlive/texmf-dist/fonts/type1/public/amsfonts/cm/cmtt12.pfb></usr/share/texlive/
texmf-dist/fonts/type1/public/amsfonts/cm/cmtt9.pfb></usr/share/texmf/fonts/typ
e1/public/cm-super/sfrm1095.pfb></usr/share/texmf/fonts/type1/public/cm-super/s
frm1440.pfb>
Output written on bashref.es.pdf (203 pages, 819067 bytes).
PDF statistics:
 2749 PDF objects out of 2984 (max. 8388607)
 2500 compressed objects within 25 object streams
 334 named destinations out of 1000 (max. 500000)
 1133 words of extra memory for PDF output out of 10000 (max. 10000000)

